[debug] [2021-12-11T09:11:40.006Z] ----------------------------------------------------------------------
[debug] [2021-12-11T09:11:40.010Z] Command:       C:\Program Files\nodejs\node.exe C:\Users\risha\AppData\Roaming\npm\node_modules\firebase-tools\lib\bin\firebase.js emulators:start
[debug] [2021-12-11T09:11:40.010Z] CLI Version:   9.23.1
[debug] [2021-12-11T09:11:40.010Z] Platform:      win32
[debug] [2021-12-11T09:11:40.011Z] Node Version:  v14.18.1
[debug] [2021-12-11T09:11:40.012Z] Time:          Sat Dec 11 2021 14:41:40 GMT+0530 (India Standard Time)
[debug] [2021-12-11T09:11:40.013Z] ----------------------------------------------------------------------
[debug] 
[debug] [2021-12-11T09:11:40.090Z] > command requires scopes: ["email","openid","https://www.googleapis.com/auth/cloudplatformprojects.readonly","https://www.googleapis.com/auth/firebase","https://www.googleapis.com/auth/cloud-platform"]
[debug] [2021-12-11T09:11:40.090Z] > authorizing via signed-in user (rishabh210798@gmail.com)
[info] i  emulators: Starting emulators: functions, hosting {"metadata":{"emulator":{"name":"hub"},"message":"Starting emulators: functions, hosting"}}
[warn] !  emulators: It seems that you are running multiple instances of the emulator suite for project challenge-3744f. This may result in unexpected behavior. 
[debug] [2021-12-11T09:11:40.119Z] [hub] writing locator at C:\Users\risha\AppData\Local\Temp\hub-challenge-3744f.json
[warn] !  functions: The following emulators are not running, calls to these services from the Functions emulator will affect production: auth, firestore, database, pubsub, storage {"metadata":{"emulator":{"name":"functions"},"message":"The following emulators are not running, calls to these services from the Functions emulator will affect production: \u001b[1mauth, firestore, database, pubsub, storage\u001b[22m"}}
[info] +  functions: Using node@14 from host. {"metadata":{"emulator":{"name":"functions"},"message":"Using node@14 from host."}}
[debug] [2021-12-11T09:11:40.244Z] defaultcredentials: writing to file C:\Users\risha\AppData\Roaming\firebase\rishabh210798_gmail_com_application_default_credentials.json
[debug] [2021-12-11T09:11:40.249Z] Setting GAC to C:\Users\risha\AppData\Roaming\firebase\rishabh210798_gmail_com_application_default_credentials.json {"metadata":{"emulator":{"name":"functions"},"message":"Setting GAC to C:\\Users\\risha\\AppData\\Roaming\\firebase\\rishabh210798_gmail_com_application_default_credentials.json"}}
[debug] [2021-12-11T09:11:40.253Z] > refreshing access token with scopes: []
[debug] [2021-12-11T09:11:40.255Z] >>> HTTP REQUEST POST https://www.googleapis.com/oauth2/v3/token  
 <request body omitted>
[debug] [2021-12-11T09:11:40.682Z] <<< HTTP RESPONSE 200 {"date":"Sat, 11 Dec 2021 09:11:40 GMT","pragma":"no-cache","cache-control":"no-cache, no-store, max-age=0, must-revalidate","expires":"Mon, 01 Jan 1990 00:00:00 GMT","content-type":"application/json; charset=utf-8","vary":"X-Origin, Referer, Origin,Accept-Encoding","server":"scaffolding on HTTPServer2","x-xss-protection":"0","x-frame-options":"SAMEORIGIN","x-content-type-options":"nosniff","alt-svc":"h3=\":443\"; ma=2592000,h3-29=\":443\"; ma=2592000,h3-Q050=\":443\"; ma=2592000,h3-Q046=\":443\"; ma=2592000,h3-Q043=\":443\"; ma=2592000,quic=\":443\"; ma=2592000; v=\"46,43\"","accept-ranges":"none","transfer-encoding":"chunked"}
[debug] [2021-12-11T09:11:40.698Z] >>> [apiv2][query] GET https://firebase.googleapis.com/v1beta1/projects/challenge-3744f/adminSdkConfig [none]
[debug] [2021-12-11T09:11:41.297Z] <<< [apiv2][status] GET https://firebase.googleapis.com/v1beta1/projects/challenge-3744f/adminSdkConfig 200
[debug] [2021-12-11T09:11:41.298Z] <<< [apiv2][body] GET https://firebase.googleapis.com/v1beta1/projects/challenge-3744f/adminSdkConfig {"projectId":"challenge-3744f","storageBucket":"challenge-3744f.appspot.com","locationId":"us-central"}
[debug] [2021-12-11T09:11:41.316Z] >>> [apiv2][query] GET https://firebasehosting.googleapis.com/v1beta1/projects/challenge-3744f/sites 
[debug] [2021-12-11T09:11:43.370Z] <<< [apiv2][status] GET https://firebasehosting.googleapis.com/v1beta1/projects/challenge-3744f/sites 200
[debug] [2021-12-11T09:11:43.370Z] <<< [apiv2][body] GET https://firebasehosting.googleapis.com/v1beta1/projects/challenge-3744f/sites {"sites":[{"name":"projects/368786350566/sites/challenge-3744f","defaultUrl":"https://challenge-3744f.web.app","appId":"1:368786350566:web:230cd8585fd8093ca6f627","type":"DEFAULT_SITE"}]}
[debug] [2021-12-11T09:11:43.371Z] >>> [apiv2][query] GET https://firebase.googleapis.com/v1beta1/projects/challenge-3744f/webApps/1:368786350566:web:230cd8585fd8093ca6f627/config [none]
[debug] [2021-12-11T09:11:45.012Z] <<< [apiv2][status] GET https://firebase.googleapis.com/v1beta1/projects/challenge-3744f/webApps/1:368786350566:web:230cd8585fd8093ca6f627/config 200
[debug] [2021-12-11T09:11:45.012Z] <<< [apiv2][body] GET https://firebase.googleapis.com/v1beta1/projects/challenge-3744f/webApps/1:368786350566:web:230cd8585fd8093ca6f627/config {"projectId":"challenge-3744f","appId":"1:368786350566:web:230cd8585fd8093ca6f627","storageBucket":"challenge-3744f.appspot.com","locationId":"us-central","apiKey":"AIzaSyAHjuLwLPl3tlk0grf23r9fZfAQD_UT_50","authDomain":"challenge-3744f.firebaseapp.com","messagingSenderId":"368786350566","measurementId":"G-MBYY306KF8"}
[info] i  hosting: Serving hosting files from: build {"metadata":{"emulator":{"name":"hosting"},"message":"Serving hosting files from: \u001b[1mbuild\u001b[22m"}}
[info] +  hosting: Local server: http://localhost:5000 {"metadata":{"emulator":{"name":"hosting"},"message":"Local server: \u001b[4m\u001b[1mhttp://localhost:5000\u001b[22m\u001b[24m"}}
[debug] [2021-12-11T09:11:45.090Z] Ignoring unsupported arg: auto_download {"metadata":{"emulator":{"name":"ui"},"message":"Ignoring unsupported arg: auto_download"}}
[debug] [2021-12-11T09:11:45.090Z] Ignoring unsupported arg: port {"metadata":{"emulator":{"name":"ui"},"message":"Ignoring unsupported arg: port"}}
[debug] [2021-12-11T09:11:45.091Z] Starting Emulator UI with command {"binary":"node","args":["C:\\Users\\risha\\.cache\\firebase\\emulators\\ui-v1.6.4\\server.bundle.js"],"optionalArgs":[],"joinArgs":false} {"metadata":{"emulator":{"name":"ui"},"message":"Starting Emulator UI with command {\"binary\":\"node\",\"args\":[\"C:\\\\Users\\\\risha\\\\.cache\\\\firebase\\\\emulators\\\\ui-v1.6.4\\\\server.bundle.js\"],\"optionalArgs\":[],\"joinArgs\":false}"}}
[info] i  ui: Emulator UI logging to ui-debug.log {"metadata":{"emulator":{"name":"ui"},"message":"Emulator UI logging to \u001b[1mui-debug.log\u001b[22m"}}
[debug] [2021-12-11T09:11:45.309Z] Web / API server started at localhost:4000
 {"metadata":{"emulator":{"name":"ui"},"message":"Web / API server started at localhost:4000\n"}}
[info] i  functions: Watching "D:\Programming\VS code Projects\Projects\amazon-clone\my-app\functions" for Cloud Functions... {"metadata":{"emulator":{"name":"functions"},"message":"Watching \"D:\\Programming\\VS code Projects\\Projects\\amazon-clone\\my-app\\functions\" for Cloud Functions..."}}
[debug] [2021-12-11T09:11:45.433Z] [worker-pool] addWorker(~diagnostic~) {"metadata":{"emulator":{"name":"functions"},"message":"[worker-pool] addWorker(~diagnostic~)"}}
[debug] [2021-12-11T09:11:45.434Z] [worker-pool] Adding worker with key ~diagnostic~, total=1 {"metadata":{"emulator":{"name":"functions"},"message":"[worker-pool] Adding worker with key ~diagnostic~, total=1"}}
[debug] [2021-12-11T09:11:45.434Z] [worker-pool] submitWork(triggerId=) {"metadata":{"emulator":{"name":"functions"},"message":"[worker-pool] submitWork(triggerId=)"}}
[debug] [2021-12-11T09:11:45.435Z] [worker-~diagnostic~-66ed43b6-f506-42a9-bee8-66ae53b24495]: Assigning socketPath: \\?\pipe\D:\Programming\VS code Projects\Projects\amazon-clone\my-app\functions\10776 {"metadata":{"emulator":{"name":"functions"},"message":"[worker-~diagnostic~-66ed43b6-f506-42a9-bee8-66ae53b24495]: Assigning socketPath: \\\\?\\pipe\\D:\\Programming\\VS code Projects\\Projects\\amazon-clone\\my-app\\functions\\10776"}}
[debug] [2021-12-11T09:11:45.435Z] [worker-~diagnostic~-66ed43b6-f506-42a9-bee8-66ae53b24495]: BUSY {"metadata":{"emulator":{"name":"functions"},"message":"[worker-~diagnostic~-66ed43b6-f506-42a9-bee8-66ae53b24495]: BUSY"}}
[debug] [2021-12-11T09:11:45.711Z] [runtime-status] [10776] Functions runtime initialized. {"cwd":"D:\\Programming\\VS code Projects\\Projects\\amazon-clone\\my-app\\functions","node_version":"14.18.1"} {"metadata":{"emulator":{"name":"functions"},"message":"[runtime-status] [10776] Functions runtime initialized. {\"cwd\":\"D:\\\\Programming\\\\VS code Projects\\\\Projects\\\\amazon-clone\\\\my-app\\\\functions\",\"node_version\":\"14.18.1\"}"}}
[debug] [2021-12-11T09:11:45.712Z] [runtime-status] [10776] Disabled runtime features: undefined {"metadata":{"emulator":{"name":"functions"},"message":"[runtime-status] [10776] Disabled runtime features: undefined"}}
[debug] [2021-12-11T09:11:45.756Z] [runtime-status] [10776] Resolved module firebase-admin {"declared":true,"installed":true,"version":"9.12.0","resolution":"D:\\Programming\\VS code Projects\\Projects\\amazon-clone\\my-app\\functions\\node_modules\\firebase-admin\\lib\\index.js"} {"metadata":{"emulator":{"name":"functions"},"message":"[runtime-status] [10776] Resolved module firebase-admin {\"declared\":true,\"installed\":true,\"version\":\"9.12.0\",\"resolution\":\"D:\\\\Programming\\\\VS code Projects\\\\Projects\\\\amazon-clone\\\\my-app\\\\functions\\\\node_modules\\\\firebase-admin\\\\lib\\\\index.js\"}"}}
[debug] [2021-12-11T09:11:45.775Z] [runtime-status] [10776] Resolved module firebase-functions {"declared":true,"installed":true,"version":"3.16.0","resolution":"D:\\Programming\\VS code Projects\\Projects\\amazon-clone\\my-app\\functions\\node_modules\\firebase-functions\\lib\\index.js"} {"metadata":{"emulator":{"name":"functions"},"message":"[runtime-status] [10776] Resolved module firebase-functions {\"declared\":true,\"installed\":true,\"version\":\"3.16.0\",\"resolution\":\"D:\\\\Programming\\\\VS code Projects\\\\Projects\\\\amazon-clone\\\\my-app\\\\functions\\\\node_modules\\\\firebase-functions\\\\lib\\\\index.js\"}"}}
[debug] [2021-12-11T09:11:45.780Z] [runtime-status] [10776] Outgoing network have been stubbed. [{"name":"http","status":"mocked"},{"name":"http","status":"mocked"},{"name":"https","status":"mocked"},{"name":"https","status":"mocked"},{"name":"net","status":"mocked"}] {"metadata":{"emulator":{"name":"functions"},"message":"[runtime-status] [10776] Outgoing network have been stubbed. [{\"name\":\"http\",\"status\":\"mocked\"},{\"name\":\"http\",\"status\":\"mocked\"},{\"name\":\"https\",\"status\":\"mocked\"},{\"name\":\"https\",\"status\":\"mocked\"},{\"name\":\"net\",\"status\":\"mocked\"}]"}}
[debug] [2021-12-11T09:11:45.783Z] [runtime-status] [10776] Resolved module firebase-functions {"declared":true,"installed":true,"version":"3.16.0","resolution":"D:\\Programming\\VS code Projects\\Projects\\amazon-clone\\my-app\\functions\\node_modules\\firebase-functions\\lib\\index.js"} {"metadata":{"emulator":{"name":"functions"},"message":"[runtime-status] [10776] Resolved module firebase-functions {\"declared\":true,\"installed\":true,\"version\":\"3.16.0\",\"resolution\":\"D:\\\\Programming\\\\VS code Projects\\\\Projects\\\\amazon-clone\\\\my-app\\\\functions\\\\node_modules\\\\firebase-functions\\\\lib\\\\index.js\"}"}}
[debug] [2021-12-11T09:11:46.507Z] [runtime-status] [10776] Checked functions.config() {"config":{}} {"metadata":{"emulator":{"name":"functions"},"message":"[runtime-status] [10776] Checked functions.config() {\"config\":{}}"}}
[debug] [2021-12-11T09:11:46.508Z] [runtime-status] [10776] firebase-functions has been stubbed. {"functionsResolution":{"declared":true,"installed":true,"version":"3.16.0","resolution":"D:\\Programming\\VS code Projects\\Projects\\amazon-clone\\my-app\\functions\\node_modules\\firebase-functions\\lib\\index.js"}} {"metadata":{"emulator":{"name":"functions"},"message":"[runtime-status] [10776] firebase-functions has been stubbed. {\"functionsResolution\":{\"declared\":true,\"installed\":true,\"version\":\"3.16.0\",\"resolution\":\"D:\\\\Programming\\\\VS code Projects\\\\Projects\\\\amazon-clone\\\\my-app\\\\functions\\\\node_modules\\\\firebase-functions\\\\lib\\\\index.js\"}}"}}
[debug] [2021-12-11T09:11:46.511Z] [runtime-status] [10776] Resolved module firebase-functions {"declared":true,"installed":true,"version":"3.16.0","resolution":"D:\\Programming\\VS code Projects\\Projects\\amazon-clone\\my-app\\functions\\node_modules\\firebase-functions\\lib\\index.js"} {"metadata":{"emulator":{"name":"functions"},"message":"[runtime-status] [10776] Resolved module firebase-functions {\"declared\":true,\"installed\":true,\"version\":\"3.16.0\",\"resolution\":\"D:\\\\Programming\\\\VS code Projects\\\\Projects\\\\amazon-clone\\\\my-app\\\\functions\\\\node_modules\\\\firebase-functions\\\\lib\\\\index.js\"}"}}
[debug] [2021-12-11T09:11:46.516Z] [runtime-status] [10776] Resolved module firebase-admin {"declared":true,"installed":true,"version":"9.12.0","resolution":"D:\\Programming\\VS code Projects\\Projects\\amazon-clone\\my-app\\functions\\node_modules\\firebase-admin\\lib\\index.js"} {"metadata":{"emulator":{"name":"functions"},"message":"[runtime-status] [10776] Resolved module firebase-admin {\"declared\":true,\"installed\":true,\"version\":\"9.12.0\",\"resolution\":\"D:\\\\Programming\\\\VS code Projects\\\\Projects\\\\amazon-clone\\\\my-app\\\\functions\\\\node_modules\\\\firebase-admin\\\\lib\\\\index.js\"}"}}
[debug] [2021-12-11T09:11:46.518Z] [runtime-status] [10776] Resolved module firebase-functions {"declared":true,"installed":true,"version":"3.16.0","resolution":"D:\\Programming\\VS code Projects\\Projects\\amazon-clone\\my-app\\functions\\node_modules\\firebase-functions\\lib\\index.js"} {"metadata":{"emulator":{"name":"functions"},"message":"[runtime-status] [10776] Resolved module firebase-functions {\"declared\":true,\"installed\":true,\"version\":\"3.16.0\",\"resolution\":\"D:\\\\Programming\\\\VS code Projects\\\\Projects\\\\amazon-clone\\\\my-app\\\\functions\\\\node_modules\\\\firebase-functions\\\\lib\\\\index.js\"}"}}
[debug] [2021-12-11T09:11:46.519Z] [runtime-status] [10776] firebase-admin has been stubbed. {"adminResolution":{"declared":true,"installed":true,"version":"9.12.0","resolution":"D:\\Programming\\VS code Projects\\Projects\\amazon-clone\\my-app\\functions\\node_modules\\firebase-admin\\lib\\index.js"}} {"metadata":{"emulator":{"name":"functions"},"message":"[runtime-status] [10776] firebase-admin has been stubbed. {\"adminResolution\":{\"declared\":true,\"installed\":true,\"version\":\"9.12.0\",\"resolution\":\"D:\\\\Programming\\\\VS code Projects\\\\Projects\\\\amazon-clone\\\\my-app\\\\functions\\\\node_modules\\\\firebase-admin\\\\lib\\\\index.js\"}}"}}
[info] +  functions[us-central1-api]: http function initialized (http://localhost:5001/challenge-3744f/us-central1/api). {"metadata":{"emulator":{"name":"functions"},"message":"\u001b[1mhttp\u001b[22m function initialized (http://localhost:5001/challenge-3744f/us-central1/api)."}}
[info] 
┌─────────────────────────────────────────────────────────────┐
│ ✔  All emulators ready! It is now safe to connect your app. │
│ i  View Emulator UI at http://localhost:4000                │
└─────────────────────────────────────────────────────────────┘

┌───────────┬────────────────┬─────────────────────────────────┐
│ Emulator  │ Host:Port      │ View in Emulator UI             │
├───────────┼────────────────┼─────────────────────────────────┤
│ Functions │ localhost:5001 │ http://localhost:4000/functions │
├───────────┼────────────────┼─────────────────────────────────┤
│ Hosting   │ localhost:5000 │ n/a                             │
└───────────┴────────────────┴─────────────────────────────────┘
  Emulator Hub running at localhost:4400
  Other reserved ports: 4500

Issues? Report them at https://github.com/firebase/firebase-tools/issues and attach the *-debug.log files.
 
[debug] [2021-12-11T09:11:48.688Z] [worker-~diagnostic~-66ed43b6-f506-42a9-bee8-66ae53b24495]: IDLE {"metadata":{"emulator":{"name":"functions"},"message":"[worker-~diagnostic~-66ed43b6-f506-42a9-bee8-66ae53b24495]: IDLE"}}
[debug] [2021-12-11T09:21:08.977Z] File D:\Programming\VS code Projects\Projects\amazon-clone\my-app\functions\index.js changed, reloading triggers {"metadata":{"emulator":{"name":"functions"},"message":"File D:\\Programming\\VS code Projects\\Projects\\amazon-clone\\my-app\\functions\\index.js changed, reloading triggers"}}
[debug] [2021-12-11T09:21:09.983Z] [worker-pool] Shutting down IDLE worker (~diagnostic~) {"metadata":{"emulator":{"name":"functions"},"message":"[worker-pool] Shutting down IDLE worker (~diagnostic~)"}}
[debug] [2021-12-11T09:21:09.984Z] [worker-~diagnostic~-66ed43b6-f506-42a9-bee8-66ae53b24495]: FINISHING {"metadata":{"emulator":{"name":"functions"},"message":"[worker-~diagnostic~-66ed43b6-f506-42a9-bee8-66ae53b24495]: FINISHING"}}
[debug] [2021-12-11T09:21:10.004Z] [worker-pool] addWorker(~diagnostic~) {"metadata":{"emulator":{"name":"functions"},"message":"[worker-pool] addWorker(~diagnostic~)"}}
[debug] [2021-12-11T09:21:10.005Z] [worker-pool] Adding worker with key ~diagnostic~, total=2 {"metadata":{"emulator":{"name":"functions"},"message":"[worker-pool] Adding worker with key ~diagnostic~, total=2"}}
[debug] [2021-12-11T09:21:10.005Z] [worker-pool] submitWork(triggerId=) {"metadata":{"emulator":{"name":"functions"},"message":"[worker-pool] submitWork(triggerId=)"}}
[debug] [2021-12-11T09:21:10.006Z] [worker-~diagnostic~-a649193e-abaf-449b-b157-92dda38dc6ca]: Assigning socketPath: \\?\pipe\D:\Programming\VS code Projects\Projects\amazon-clone\my-app\functions\13200 {"metadata":{"emulator":{"name":"functions"},"message":"[worker-~diagnostic~-a649193e-abaf-449b-b157-92dda38dc6ca]: Assigning socketPath: \\\\?\\pipe\\D:\\Programming\\VS code Projects\\Projects\\amazon-clone\\my-app\\functions\\13200"}}
[debug] [2021-12-11T09:21:10.007Z] [worker-~diagnostic~-a649193e-abaf-449b-b157-92dda38dc6ca]: BUSY {"metadata":{"emulator":{"name":"functions"},"message":"[worker-~diagnostic~-a649193e-abaf-449b-b157-92dda38dc6ca]: BUSY"}}
[debug] [2021-12-11T09:21:10.014Z] [worker-~diagnostic~-66ed43b6-f506-42a9-bee8-66ae53b24495]: exited {"metadata":{"emulator":{"name":"functions"},"message":"[worker-~diagnostic~-66ed43b6-f506-42a9-bee8-66ae53b24495]: exited"}}
[debug] [2021-12-11T09:21:10.015Z] [worker-~diagnostic~-66ed43b6-f506-42a9-bee8-66ae53b24495]: FINISHED {"metadata":{"emulator":{"name":"functions"},"message":"[worker-~diagnostic~-66ed43b6-f506-42a9-bee8-66ae53b24495]: FINISHED"}}
[debug] [2021-12-11T09:21:10.277Z] File D:\Programming\VS code Projects\Projects\amazon-clone\my-app\functions\index.js changed, reloading triggers {"metadata":{"emulator":{"name":"functions"},"message":"File D:\\Programming\\VS code Projects\\Projects\\amazon-clone\\my-app\\functions\\index.js changed, reloading triggers"}}
[debug] [2021-12-11T09:21:10.321Z] [runtime-status] [13200] Functions runtime initialized. {"cwd":"D:\\Programming\\VS code Projects\\Projects\\amazon-clone\\my-app\\functions","node_version":"14.18.1"} {"metadata":{"emulator":{"name":"functions"},"message":"[runtime-status] [13200] Functions runtime initialized. {\"cwd\":\"D:\\\\Programming\\\\VS code Projects\\\\Projects\\\\amazon-clone\\\\my-app\\\\functions\",\"node_version\":\"14.18.1\"}"}}
[debug] [2021-12-11T09:21:10.326Z] [runtime-status] [13200] Disabled runtime features: undefined {"metadata":{"emulator":{"name":"functions"},"message":"[runtime-status] [13200] Disabled runtime features: undefined"}}
[debug] [2021-12-11T09:21:10.330Z] [runtime-status] [13200] Resolved module firebase-admin {"declared":true,"installed":true,"version":"9.12.0","resolution":"D:\\Programming\\VS code Projects\\Projects\\amazon-clone\\my-app\\functions\\node_modules\\firebase-admin\\lib\\index.js"} {"metadata":{"emulator":{"name":"functions"},"message":"[runtime-status] [13200] Resolved module firebase-admin {\"declared\":true,\"installed\":true,\"version\":\"9.12.0\",\"resolution\":\"D:\\\\Programming\\\\VS code Projects\\\\Projects\\\\amazon-clone\\\\my-app\\\\functions\\\\node_modules\\\\firebase-admin\\\\lib\\\\index.js\"}"}}
[debug] [2021-12-11T09:21:10.334Z] [runtime-status] [13200] Resolved module firebase-functions {"declared":true,"installed":true,"version":"3.16.0","resolution":"D:\\Programming\\VS code Projects\\Projects\\amazon-clone\\my-app\\functions\\node_modules\\firebase-functions\\lib\\index.js"} {"metadata":{"emulator":{"name":"functions"},"message":"[runtime-status] [13200] Resolved module firebase-functions {\"declared\":true,\"installed\":true,\"version\":\"3.16.0\",\"resolution\":\"D:\\\\Programming\\\\VS code Projects\\\\Projects\\\\amazon-clone\\\\my-app\\\\functions\\\\node_modules\\\\firebase-functions\\\\lib\\\\index.js\"}"}}
[debug] [2021-12-11T09:21:10.337Z] [runtime-status] [13200] Outgoing network have been stubbed. [{"name":"http","status":"mocked"},{"name":"http","status":"mocked"},{"name":"https","status":"mocked"},{"name":"https","status":"mocked"},{"name":"net","status":"mocked"}] {"metadata":{"emulator":{"name":"functions"},"message":"[runtime-status] [13200] Outgoing network have been stubbed. [{\"name\":\"http\",\"status\":\"mocked\"},{\"name\":\"http\",\"status\":\"mocked\"},{\"name\":\"https\",\"status\":\"mocked\"},{\"name\":\"https\",\"status\":\"mocked\"},{\"name\":\"net\",\"status\":\"mocked\"}]"}}
[debug] [2021-12-11T09:21:10.339Z] [runtime-status] [13200] Resolved module firebase-functions {"declared":true,"installed":true,"version":"3.16.0","resolution":"D:\\Programming\\VS code Projects\\Projects\\amazon-clone\\my-app\\functions\\node_modules\\firebase-functions\\lib\\index.js"} {"metadata":{"emulator":{"name":"functions"},"message":"[runtime-status] [13200] Resolved module firebase-functions {\"declared\":true,\"installed\":true,\"version\":\"3.16.0\",\"resolution\":\"D:\\\\Programming\\\\VS code Projects\\\\Projects\\\\amazon-clone\\\\my-app\\\\functions\\\\node_modules\\\\firebase-functions\\\\lib\\\\index.js\"}"}}
[debug] [2021-12-11T09:21:10.396Z] [runtime-status] [13200] Checked functions.config() {"config":{}} {"metadata":{"emulator":{"name":"functions"},"message":"[runtime-status] [13200] Checked functions.config() {\"config\":{}}"}}
[debug] [2021-12-11T09:21:10.396Z] [runtime-status] [13200] firebase-functions has been stubbed. {"functionsResolution":{"declared":true,"installed":true,"version":"3.16.0","resolution":"D:\\Programming\\VS code Projects\\Projects\\amazon-clone\\my-app\\functions\\node_modules\\firebase-functions\\lib\\index.js"}} {"metadata":{"emulator":{"name":"functions"},"message":"[runtime-status] [13200] firebase-functions has been stubbed. {\"functionsResolution\":{\"declared\":true,\"installed\":true,\"version\":\"3.16.0\",\"resolution\":\"D:\\\\Programming\\\\VS code Projects\\\\Projects\\\\amazon-clone\\\\my-app\\\\functions\\\\node_modules\\\\firebase-functions\\\\lib\\\\index.js\"}}"}}
[debug] [2021-12-11T09:21:10.397Z] [runtime-status] [13200] Resolved module firebase-functions {"declared":true,"installed":true,"version":"3.16.0","resolution":"D:\\Programming\\VS code Projects\\Projects\\amazon-clone\\my-app\\functions\\node_modules\\firebase-functions\\lib\\index.js"} {"metadata":{"emulator":{"name":"functions"},"message":"[runtime-status] [13200] Resolved module firebase-functions {\"declared\":true,\"installed\":true,\"version\":\"3.16.0\",\"resolution\":\"D:\\\\Programming\\\\VS code Projects\\\\Projects\\\\amazon-clone\\\\my-app\\\\functions\\\\node_modules\\\\firebase-functions\\\\lib\\\\index.js\"}"}}
[debug] [2021-12-11T09:21:10.398Z] [runtime-status] [13200] Resolved module firebase-admin {"declared":true,"installed":true,"version":"9.12.0","resolution":"D:\\Programming\\VS code Projects\\Projects\\amazon-clone\\my-app\\functions\\node_modules\\firebase-admin\\lib\\index.js"} {"metadata":{"emulator":{"name":"functions"},"message":"[runtime-status] [13200] Resolved module firebase-admin {\"declared\":true,\"installed\":true,\"version\":\"9.12.0\",\"resolution\":\"D:\\\\Programming\\\\VS code Projects\\\\Projects\\\\amazon-clone\\\\my-app\\\\functions\\\\node_modules\\\\firebase-admin\\\\lib\\\\index.js\"}"}}
[debug] [2021-12-11T09:21:10.400Z] [runtime-status] [13200] Resolved module firebase-functions {"declared":true,"installed":true,"version":"3.16.0","resolution":"D:\\Programming\\VS code Projects\\Projects\\amazon-clone\\my-app\\functions\\node_modules\\firebase-functions\\lib\\index.js"} {"metadata":{"emulator":{"name":"functions"},"message":"[runtime-status] [13200] Resolved module firebase-functions {\"declared\":true,\"installed\":true,\"version\":\"3.16.0\",\"resolution\":\"D:\\\\Programming\\\\VS code Projects\\\\Projects\\\\amazon-clone\\\\my-app\\\\functions\\\\node_modules\\\\firebase-functions\\\\lib\\\\index.js\"}"}}
[debug] [2021-12-11T09:21:10.400Z] [runtime-status] [13200] firebase-admin has been stubbed. {"adminResolution":{"declared":true,"installed":true,"version":"9.12.0","resolution":"D:\\Programming\\VS code Projects\\Projects\\amazon-clone\\my-app\\functions\\node_modules\\firebase-admin\\lib\\index.js"}} {"metadata":{"emulator":{"name":"functions"},"message":"[runtime-status] [13200] firebase-admin has been stubbed. {\"adminResolution\":{\"declared\":true,\"installed\":true,\"version\":\"9.12.0\",\"resolution\":\"D:\\\\Programming\\\\VS code Projects\\\\Projects\\\\amazon-clone\\\\my-app\\\\functions\\\\node_modules\\\\firebase-admin\\\\lib\\\\index.js\"}}"}}
[warn] !  D:\Programming\VS code Projects\Projects\amazon-clone\my-app\functions\index.js:10
/
^

SyntaxError: Invalid regular expression: missing /
    at wrapSafe (internal/modules/cjs/loader.js:1001:16)
    at Module._compile (internal/modules/cjs/loader.js:1049:27)
    at Object.Module._extensions..js (internal/modules/cjs/loader.js:1114:10)
    at Module.load (internal/modules/cjs/loader.js:950:32)
    at Function.Module._load (internal/modules/cjs/loader.js:790:12)
    at Module.require (internal/modules/cjs/loader.js:974:19)
    at require (internal/modules/cjs/helpers.js:93:18)
    at initializeRuntime (C:\Users\risha\AppData\Roaming\npm\node_modules\firebase-tools\lib\emulator\functionsEmulatorRuntime.js:640:29)
    at processTicksAndRejections (internal/process/task_queues.js:95:5)
    at async handleMessage (C:\Users\risha\AppData\Roaming\npm\node_modules\firebase-tools\lib\emulator\functionsEmulatorRuntime.js:684:20) {"metadata":{"emulator":{"name":"functions"},"message":"D:\\Programming\\VS code Projects\\Projects\\amazon-clone\\my-app\\functions\\index.js:10\n/\n^\n\nSyntaxError: Invalid regular expression: missing /\n    at wrapSafe (internal/modules/cjs/loader.js:1001:16)\n    at Module._compile (internal/modules/cjs/loader.js:1049:27)\n    at Object.Module._extensions..js (internal/modules/cjs/loader.js:1114:10)\n    at Module.load (internal/modules/cjs/loader.js:950:32)\n    at Function.Module._load (internal/modules/cjs/loader.js:790:12)\n    at Module.require (internal/modules/cjs/loader.js:974:19)\n    at require (internal/modules/cjs/helpers.js:93:18)\n    at initializeRuntime (C:\\Users\\risha\\AppData\\Roaming\\npm\\node_modules\\firebase-tools\\lib\\emulator\\functionsEmulatorRuntime.js:640:29)\n    at processTicksAndRejections (internal/process/task_queues.js:95:5)\n    at async handleMessage (C:\\Users\\risha\\AppData\\Roaming\\npm\\node_modules\\firebase-tools\\lib\\emulator\\functionsEmulatorRuntime.js:684:20)"}}
[warn] !  We were unable to load your functions code. (see above) {"metadata":{"emulator":{"name":"functions"}}}
[debug] [2021-12-11T09:21:10.449Z] [worker-~diagnostic~-a649193e-abaf-449b-b157-92dda38dc6ca]: exited {"metadata":{"emulator":{"name":"functions"},"message":"[worker-~diagnostic~-a649193e-abaf-449b-b157-92dda38dc6ca]: exited"}}
[debug] [2021-12-11T09:21:10.449Z] [worker-~diagnostic~-a649193e-abaf-449b-b157-92dda38dc6ca]: FINISHED {"metadata":{"emulator":{"name":"functions"},"message":"[worker-~diagnostic~-a649193e-abaf-449b-b157-92dda38dc6ca]: FINISHED"}}
[debug] [2021-12-11T09:21:10.450Z] File D:\Programming\VS code Projects\Projects\amazon-clone\my-app\functions\index.js changed, reloading triggers {"metadata":{"emulator":{"name":"functions"},"message":"File D:\\Programming\\VS code Projects\\Projects\\amazon-clone\\my-app\\functions\\index.js changed, reloading triggers"}}
[debug] [2021-12-11T09:21:11.277Z] File D:\Programming\VS code Projects\Projects\amazon-clone\my-app\functions\index.js changed, reloading triggers {"metadata":{"emulator":{"name":"functions"},"message":"File D:\\Programming\\VS code Projects\\Projects\\amazon-clone\\my-app\\functions\\index.js changed, reloading triggers"}}
[debug] [2021-12-11T09:21:11.998Z] File D:\Programming\VS code Projects\Projects\amazon-clone\my-app\functions\index.js changed, reloading triggers {"metadata":{"emulator":{"name":"functions"},"message":"File D:\\Programming\\VS code Projects\\Projects\\amazon-clone\\my-app\\functions\\index.js changed, reloading triggers"}}
[debug] [2021-12-11T09:21:13.006Z] [worker-pool] Cleaned up workers for ~diagnostic~: 2 --> 0 {"metadata":{"emulator":{"name":"functions"},"message":"[worker-pool] Cleaned up workers for ~diagnostic~: 2 --> 0"}}
[debug] [2021-12-11T09:21:13.013Z] [worker-pool] addWorker(~diagnostic~) {"metadata":{"emulator":{"name":"functions"},"message":"[worker-pool] addWorker(~diagnostic~)"}}
[debug] [2021-12-11T09:21:13.014Z] [worker-pool] Adding worker with key ~diagnostic~, total=1 {"metadata":{"emulator":{"name":"functions"},"message":"[worker-pool] Adding worker with key ~diagnostic~, total=1"}}
[debug] [2021-12-11T09:21:13.014Z] [worker-pool] submitWork(triggerId=) {"metadata":{"emulator":{"name":"functions"},"message":"[worker-pool] submitWork(triggerId=)"}}
[debug] [2021-12-11T09:21:13.014Z] [worker-~diagnostic~-497c6b6c-774f-449a-9eac-35f5351bb970]: Assigning socketPath: \\?\pipe\D:\Programming\VS code Projects\Projects\amazon-clone\my-app\functions\8948 {"metadata":{"emulator":{"name":"functions"},"message":"[worker-~diagnostic~-497c6b6c-774f-449a-9eac-35f5351bb970]: Assigning socketPath: \\\\?\\pipe\\D:\\Programming\\VS code Projects\\Projects\\amazon-clone\\my-app\\functions\\8948"}}
[debug] [2021-12-11T09:21:13.014Z] [worker-~diagnostic~-497c6b6c-774f-449a-9eac-35f5351bb970]: BUSY {"metadata":{"emulator":{"name":"functions"},"message":"[worker-~diagnostic~-497c6b6c-774f-449a-9eac-35f5351bb970]: BUSY"}}
[debug] [2021-12-11T09:21:13.245Z] [runtime-status] [8948] Functions runtime initialized. {"cwd":"D:\\Programming\\VS code Projects\\Projects\\amazon-clone\\my-app\\functions","node_version":"14.18.1"} {"metadata":{"emulator":{"name":"functions"},"message":"[runtime-status] [8948] Functions runtime initialized. {\"cwd\":\"D:\\\\Programming\\\\VS code Projects\\\\Projects\\\\amazon-clone\\\\my-app\\\\functions\",\"node_version\":\"14.18.1\"}"}}
[debug] [2021-12-11T09:21:13.248Z] [runtime-status] [8948] Disabled runtime features: undefined {"metadata":{"emulator":{"name":"functions"},"message":"[runtime-status] [8948] Disabled runtime features: undefined"}}
[debug] [2021-12-11T09:21:13.251Z] [runtime-status] [8948] Resolved module firebase-admin {"declared":true,"installed":true,"version":"9.12.0","resolution":"D:\\Programming\\VS code Projects\\Projects\\amazon-clone\\my-app\\functions\\node_modules\\firebase-admin\\lib\\index.js"} {"metadata":{"emulator":{"name":"functions"},"message":"[runtime-status] [8948] Resolved module firebase-admin {\"declared\":true,\"installed\":true,\"version\":\"9.12.0\",\"resolution\":\"D:\\\\Programming\\\\VS code Projects\\\\Projects\\\\amazon-clone\\\\my-app\\\\functions\\\\node_modules\\\\firebase-admin\\\\lib\\\\index.js\"}"}}
[debug] [2021-12-11T09:21:13.255Z] [runtime-status] [8948] Resolved module firebase-functions {"declared":true,"installed":true,"version":"3.16.0","resolution":"D:\\Programming\\VS code Projects\\Projects\\amazon-clone\\my-app\\functions\\node_modules\\firebase-functions\\lib\\index.js"} {"metadata":{"emulator":{"name":"functions"},"message":"[runtime-status] [8948] Resolved module firebase-functions {\"declared\":true,\"installed\":true,\"version\":\"3.16.0\",\"resolution\":\"D:\\\\Programming\\\\VS code Projects\\\\Projects\\\\amazon-clone\\\\my-app\\\\functions\\\\node_modules\\\\firebase-functions\\\\lib\\\\index.js\"}"}}
[debug] [2021-12-11T09:21:13.256Z] [runtime-status] [8948] Outgoing network have been stubbed. [{"name":"http","status":"mocked"},{"name":"http","status":"mocked"},{"name":"https","status":"mocked"},{"name":"https","status":"mocked"},{"name":"net","status":"mocked"}] {"metadata":{"emulator":{"name":"functions"},"message":"[runtime-status] [8948] Outgoing network have been stubbed. [{\"name\":\"http\",\"status\":\"mocked\"},{\"name\":\"http\",\"status\":\"mocked\"},{\"name\":\"https\",\"status\":\"mocked\"},{\"name\":\"https\",\"status\":\"mocked\"},{\"name\":\"net\",\"status\":\"mocked\"}]"}}
[debug] [2021-12-11T09:21:13.258Z] [runtime-status] [8948] Resolved module firebase-functions {"declared":true,"installed":true,"version":"3.16.0","resolution":"D:\\Programming\\VS code Projects\\Projects\\amazon-clone\\my-app\\functions\\node_modules\\firebase-functions\\lib\\index.js"} {"metadata":{"emulator":{"name":"functions"},"message":"[runtime-status] [8948] Resolved module firebase-functions {\"declared\":true,\"installed\":true,\"version\":\"3.16.0\",\"resolution\":\"D:\\\\Programming\\\\VS code Projects\\\\Projects\\\\amazon-clone\\\\my-app\\\\functions\\\\node_modules\\\\firebase-functions\\\\lib\\\\index.js\"}"}}
[debug] [2021-12-11T09:21:13.310Z] [runtime-status] [8948] Checked functions.config() {"config":{}} {"metadata":{"emulator":{"name":"functions"},"message":"[runtime-status] [8948] Checked functions.config() {\"config\":{}}"}}
[debug] [2021-12-11T09:21:13.310Z] [runtime-status] [8948] firebase-functions has been stubbed. {"functionsResolution":{"declared":true,"installed":true,"version":"3.16.0","resolution":"D:\\Programming\\VS code Projects\\Projects\\amazon-clone\\my-app\\functions\\node_modules\\firebase-functions\\lib\\index.js"}} {"metadata":{"emulator":{"name":"functions"},"message":"[runtime-status] [8948] firebase-functions has been stubbed. {\"functionsResolution\":{\"declared\":true,\"installed\":true,\"version\":\"3.16.0\",\"resolution\":\"D:\\\\Programming\\\\VS code Projects\\\\Projects\\\\amazon-clone\\\\my-app\\\\functions\\\\node_modules\\\\firebase-functions\\\\lib\\\\index.js\"}}"}}
[debug] [2021-12-11T09:21:13.311Z] [runtime-status] [8948] Resolved module firebase-functions {"declared":true,"installed":true,"version":"3.16.0","resolution":"D:\\Programming\\VS code Projects\\Projects\\amazon-clone\\my-app\\functions\\node_modules\\firebase-functions\\lib\\index.js"} {"metadata":{"emulator":{"name":"functions"},"message":"[runtime-status] [8948] Resolved module firebase-functions {\"declared\":true,\"installed\":true,\"version\":\"3.16.0\",\"resolution\":\"D:\\\\Programming\\\\VS code Projects\\\\Projects\\\\amazon-clone\\\\my-app\\\\functions\\\\node_modules\\\\firebase-functions\\\\lib\\\\index.js\"}"}}
[debug] [2021-12-11T09:21:13.313Z] [runtime-status] [8948] Resolved module firebase-admin {"declared":true,"installed":true,"version":"9.12.0","resolution":"D:\\Programming\\VS code Projects\\Projects\\amazon-clone\\my-app\\functions\\node_modules\\firebase-admin\\lib\\index.js"} {"metadata":{"emulator":{"name":"functions"},"message":"[runtime-status] [8948] Resolved module firebase-admin {\"declared\":true,\"installed\":true,\"version\":\"9.12.0\",\"resolution\":\"D:\\\\Programming\\\\VS code Projects\\\\Projects\\\\amazon-clone\\\\my-app\\\\functions\\\\node_modules\\\\firebase-admin\\\\lib\\\\index.js\"}"}}
[debug] [2021-12-11T09:21:13.314Z] [runtime-status] [8948] Resolved module firebase-functions {"declared":true,"installed":true,"version":"3.16.0","resolution":"D:\\Programming\\VS code Projects\\Projects\\amazon-clone\\my-app\\functions\\node_modules\\firebase-functions\\lib\\index.js"} {"metadata":{"emulator":{"name":"functions"},"message":"[runtime-status] [8948] Resolved module firebase-functions {\"declared\":true,\"installed\":true,\"version\":\"3.16.0\",\"resolution\":\"D:\\\\Programming\\\\VS code Projects\\\\Projects\\\\amazon-clone\\\\my-app\\\\functions\\\\node_modules\\\\firebase-functions\\\\lib\\\\index.js\"}"}}
[debug] [2021-12-11T09:21:13.315Z] [runtime-status] [8948] firebase-admin has been stubbed. {"adminResolution":{"declared":true,"installed":true,"version":"9.12.0","resolution":"D:\\Programming\\VS code Projects\\Projects\\amazon-clone\\my-app\\functions\\node_modules\\firebase-admin\\lib\\index.js"}} {"metadata":{"emulator":{"name":"functions"},"message":"[runtime-status] [8948] firebase-admin has been stubbed. {\"adminResolution\":{\"declared\":true,\"installed\":true,\"version\":\"9.12.0\",\"resolution\":\"D:\\\\Programming\\\\VS code Projects\\\\Projects\\\\amazon-clone\\\\my-app\\\\functions\\\\node_modules\\\\firebase-admin\\\\lib\\\\index.js\"}}"}}
[debug] [2021-12-11T09:21:13.508Z] [worker-~diagnostic~-497c6b6c-774f-449a-9eac-35f5351bb970]: IDLE {"metadata":{"emulator":{"name":"functions"},"message":"[worker-~diagnostic~-497c6b6c-774f-449a-9eac-35f5351bb970]: IDLE"}}
[debug] [2021-12-11T09:22:52.466Z] File D:\Programming\VS code Projects\Projects\amazon-clone\my-app\functions\index.js changed, reloading triggers {"metadata":{"emulator":{"name":"functions"},"message":"File D:\\Programming\\VS code Projects\\Projects\\amazon-clone\\my-app\\functions\\index.js changed, reloading triggers"}}
[debug] [2021-12-11T09:22:53.478Z] [worker-pool] Shutting down IDLE worker (~diagnostic~) {"metadata":{"emulator":{"name":"functions"},"message":"[worker-pool] Shutting down IDLE worker (~diagnostic~)"}}
[debug] [2021-12-11T09:22:53.478Z] [worker-~diagnostic~-497c6b6c-774f-449a-9eac-35f5351bb970]: FINISHING {"metadata":{"emulator":{"name":"functions"},"message":"[worker-~diagnostic~-497c6b6c-774f-449a-9eac-35f5351bb970]: FINISHING"}}
[debug] [2021-12-11T09:22:53.485Z] [worker-pool] addWorker(~diagnostic~) {"metadata":{"emulator":{"name":"functions"},"message":"[worker-pool] addWorker(~diagnostic~)"}}
[debug] [2021-12-11T09:22:53.485Z] [worker-pool] Adding worker with key ~diagnostic~, total=2 {"metadata":{"emulator":{"name":"functions"},"message":"[worker-pool] Adding worker with key ~diagnostic~, total=2"}}
[debug] [2021-12-11T09:22:53.485Z] [worker-pool] submitWork(triggerId=) {"metadata":{"emulator":{"name":"functions"},"message":"[worker-pool] submitWork(triggerId=)"}}
[debug] [2021-12-11T09:22:53.486Z] [worker-~diagnostic~-d78c8262-bd1b-478a-8093-a26bfbb1e7ad]: Assigning socketPath: \\?\pipe\D:\Programming\VS code Projects\Projects\amazon-clone\my-app\functions\10248 {"metadata":{"emulator":{"name":"functions"},"message":"[worker-~diagnostic~-d78c8262-bd1b-478a-8093-a26bfbb1e7ad]: Assigning socketPath: \\\\?\\pipe\\D:\\Programming\\VS code Projects\\Projects\\amazon-clone\\my-app\\functions\\10248"}}
[debug] [2021-12-11T09:22:53.486Z] [worker-~diagnostic~-d78c8262-bd1b-478a-8093-a26bfbb1e7ad]: BUSY {"metadata":{"emulator":{"name":"functions"},"message":"[worker-~diagnostic~-d78c8262-bd1b-478a-8093-a26bfbb1e7ad]: BUSY"}}
[debug] [2021-12-11T09:22:53.487Z] [worker-~diagnostic~-497c6b6c-774f-449a-9eac-35f5351bb970]: exited {"metadata":{"emulator":{"name":"functions"},"message":"[worker-~diagnostic~-497c6b6c-774f-449a-9eac-35f5351bb970]: exited"}}
[debug] [2021-12-11T09:22:53.487Z] [worker-~diagnostic~-497c6b6c-774f-449a-9eac-35f5351bb970]: FINISHED {"metadata":{"emulator":{"name":"functions"},"message":"[worker-~diagnostic~-497c6b6c-774f-449a-9eac-35f5351bb970]: FINISHED"}}
[debug] [2021-12-11T09:22:53.836Z] [runtime-status] [10248] Functions runtime initialized. {"cwd":"D:\\Programming\\VS code Projects\\Projects\\amazon-clone\\my-app\\functions","node_version":"14.18.1"} {"metadata":{"emulator":{"name":"functions"},"message":"[runtime-status] [10248] Functions runtime initialized. {\"cwd\":\"D:\\\\Programming\\\\VS code Projects\\\\Projects\\\\amazon-clone\\\\my-app\\\\functions\",\"node_version\":\"14.18.1\"}"}}
[debug] [2021-12-11T09:22:53.839Z] [runtime-status] [10248] Disabled runtime features: undefined {"metadata":{"emulator":{"name":"functions"},"message":"[runtime-status] [10248] Disabled runtime features: undefined"}}
[debug] [2021-12-11T09:22:53.844Z] [runtime-status] [10248] Resolved module firebase-admin {"declared":true,"installed":true,"version":"9.12.0","resolution":"D:\\Programming\\VS code Projects\\Projects\\amazon-clone\\my-app\\functions\\node_modules\\firebase-admin\\lib\\index.js"} {"metadata":{"emulator":{"name":"functions"},"message":"[runtime-status] [10248] Resolved module firebase-admin {\"declared\":true,\"installed\":true,\"version\":\"9.12.0\",\"resolution\":\"D:\\\\Programming\\\\VS code Projects\\\\Projects\\\\amazon-clone\\\\my-app\\\\functions\\\\node_modules\\\\firebase-admin\\\\lib\\\\index.js\"}"}}
[debug] [2021-12-11T09:22:53.848Z] [runtime-status] [10248] Resolved module firebase-functions {"declared":true,"installed":true,"version":"3.16.0","resolution":"D:\\Programming\\VS code Projects\\Projects\\amazon-clone\\my-app\\functions\\node_modules\\firebase-functions\\lib\\index.js"} {"metadata":{"emulator":{"name":"functions"},"message":"[runtime-status] [10248] Resolved module firebase-functions {\"declared\":true,\"installed\":true,\"version\":\"3.16.0\",\"resolution\":\"D:\\\\Programming\\\\VS code Projects\\\\Projects\\\\amazon-clone\\\\my-app\\\\functions\\\\node_modules\\\\firebase-functions\\\\lib\\\\index.js\"}"}}
[debug] [2021-12-11T09:22:53.850Z] [runtime-status] [10248] Outgoing network have been stubbed. [{"name":"http","status":"mocked"},{"name":"http","status":"mocked"},{"name":"https","status":"mocked"},{"name":"https","status":"mocked"},{"name":"net","status":"mocked"}] {"metadata":{"emulator":{"name":"functions"},"message":"[runtime-status] [10248] Outgoing network have been stubbed. [{\"name\":\"http\",\"status\":\"mocked\"},{\"name\":\"http\",\"status\":\"mocked\"},{\"name\":\"https\",\"status\":\"mocked\"},{\"name\":\"https\",\"status\":\"mocked\"},{\"name\":\"net\",\"status\":\"mocked\"}]"}}
[debug] [2021-12-11T09:22:53.851Z] [runtime-status] [10248] Resolved module firebase-functions {"declared":true,"installed":true,"version":"3.16.0","resolution":"D:\\Programming\\VS code Projects\\Projects\\amazon-clone\\my-app\\functions\\node_modules\\firebase-functions\\lib\\index.js"} {"metadata":{"emulator":{"name":"functions"},"message":"[runtime-status] [10248] Resolved module firebase-functions {\"declared\":true,\"installed\":true,\"version\":\"3.16.0\",\"resolution\":\"D:\\\\Programming\\\\VS code Projects\\\\Projects\\\\amazon-clone\\\\my-app\\\\functions\\\\node_modules\\\\firebase-functions\\\\lib\\\\index.js\"}"}}
[debug] [2021-12-11T09:22:53.915Z] [runtime-status] [10248] Checked functions.config() {"config":{}} {"metadata":{"emulator":{"name":"functions"},"message":"[runtime-status] [10248] Checked functions.config() {\"config\":{}}"}}
[debug] [2021-12-11T09:22:53.915Z] [runtime-status] [10248] firebase-functions has been stubbed. {"functionsResolution":{"declared":true,"installed":true,"version":"3.16.0","resolution":"D:\\Programming\\VS code Projects\\Projects\\amazon-clone\\my-app\\functions\\node_modules\\firebase-functions\\lib\\index.js"}} {"metadata":{"emulator":{"name":"functions"},"message":"[runtime-status] [10248] firebase-functions has been stubbed. {\"functionsResolution\":{\"declared\":true,\"installed\":true,\"version\":\"3.16.0\",\"resolution\":\"D:\\\\Programming\\\\VS code Projects\\\\Projects\\\\amazon-clone\\\\my-app\\\\functions\\\\node_modules\\\\firebase-functions\\\\lib\\\\index.js\"}}"}}
[debug] [2021-12-11T09:22:53.916Z] [runtime-status] [10248] Resolved module firebase-functions {"declared":true,"installed":true,"version":"3.16.0","resolution":"D:\\Programming\\VS code Projects\\Projects\\amazon-clone\\my-app\\functions\\node_modules\\firebase-functions\\lib\\index.js"} {"metadata":{"emulator":{"name":"functions"},"message":"[runtime-status] [10248] Resolved module firebase-functions {\"declared\":true,\"installed\":true,\"version\":\"3.16.0\",\"resolution\":\"D:\\\\Programming\\\\VS code Projects\\\\Projects\\\\amazon-clone\\\\my-app\\\\functions\\\\node_modules\\\\firebase-functions\\\\lib\\\\index.js\"}"}}
[debug] [2021-12-11T09:22:53.919Z] [runtime-status] [10248] Resolved module firebase-admin {"declared":true,"installed":true,"version":"9.12.0","resolution":"D:\\Programming\\VS code Projects\\Projects\\amazon-clone\\my-app\\functions\\node_modules\\firebase-admin\\lib\\index.js"} {"metadata":{"emulator":{"name":"functions"},"message":"[runtime-status] [10248] Resolved module firebase-admin {\"declared\":true,\"installed\":true,\"version\":\"9.12.0\",\"resolution\":\"D:\\\\Programming\\\\VS code Projects\\\\Projects\\\\amazon-clone\\\\my-app\\\\functions\\\\node_modules\\\\firebase-admin\\\\lib\\\\index.js\"}"}}
[debug] [2021-12-11T09:22:53.920Z] [runtime-status] [10248] Resolved module firebase-functions {"declared":true,"installed":true,"version":"3.16.0","resolution":"D:\\Programming\\VS code Projects\\Projects\\amazon-clone\\my-app\\functions\\node_modules\\firebase-functions\\lib\\index.js"} {"metadata":{"emulator":{"name":"functions"},"message":"[runtime-status] [10248] Resolved module firebase-functions {\"declared\":true,\"installed\":true,\"version\":\"3.16.0\",\"resolution\":\"D:\\\\Programming\\\\VS code Projects\\\\Projects\\\\amazon-clone\\\\my-app\\\\functions\\\\node_modules\\\\firebase-functions\\\\lib\\\\index.js\"}"}}
[debug] [2021-12-11T09:22:53.920Z] [runtime-status] [10248] firebase-admin has been stubbed. {"adminResolution":{"declared":true,"installed":true,"version":"9.12.0","resolution":"D:\\Programming\\VS code Projects\\Projects\\amazon-clone\\my-app\\functions\\node_modules\\firebase-admin\\lib\\index.js"}} {"metadata":{"emulator":{"name":"functions"},"message":"[runtime-status] [10248] firebase-admin has been stubbed. {\"adminResolution\":{\"declared\":true,\"installed\":true,\"version\":\"9.12.0\",\"resolution\":\"D:\\\\Programming\\\\VS code Projects\\\\Projects\\\\amazon-clone\\\\my-app\\\\functions\\\\node_modules\\\\firebase-admin\\\\lib\\\\index.js\"}}"}}
[debug] [2021-12-11T09:22:54.466Z] [worker-~diagnostic~-d78c8262-bd1b-478a-8093-a26bfbb1e7ad]: IDLE {"metadata":{"emulator":{"name":"functions"},"message":"[worker-~diagnostic~-d78c8262-bd1b-478a-8093-a26bfbb1e7ad]: IDLE"}}
[debug] [2021-12-11T09:23:01.410Z] File D:\Programming\VS code Projects\Projects\amazon-clone\my-app\functions\index.js changed, reloading triggers {"metadata":{"emulator":{"name":"functions"},"message":"File D:\\Programming\\VS code Projects\\Projects\\amazon-clone\\my-app\\functions\\index.js changed, reloading triggers"}}
[debug] [2021-12-11T09:23:02.417Z] [worker-pool] Shutting down IDLE worker (~diagnostic~) {"metadata":{"emulator":{"name":"functions"},"message":"[worker-pool] Shutting down IDLE worker (~diagnostic~)"}}
[debug] [2021-12-11T09:23:02.418Z] [worker-~diagnostic~-d78c8262-bd1b-478a-8093-a26bfbb1e7ad]: FINISHING {"metadata":{"emulator":{"name":"functions"},"message":"[worker-~diagnostic~-d78c8262-bd1b-478a-8093-a26bfbb1e7ad]: FINISHING"}}
[debug] [2021-12-11T09:23:02.418Z] [worker-pool] Cleaned up workers for ~diagnostic~: 2 --> 1 {"metadata":{"emulator":{"name":"functions"},"message":"[worker-pool] Cleaned up workers for ~diagnostic~: 2 --> 1"}}
[debug] [2021-12-11T09:23:02.425Z] [worker-pool] addWorker(~diagnostic~) {"metadata":{"emulator":{"name":"functions"},"message":"[worker-pool] addWorker(~diagnostic~)"}}
[debug] [2021-12-11T09:23:02.425Z] [worker-pool] Adding worker with key ~diagnostic~, total=2 {"metadata":{"emulator":{"name":"functions"},"message":"[worker-pool] Adding worker with key ~diagnostic~, total=2"}}
[debug] [2021-12-11T09:23:02.425Z] [worker-pool] submitWork(triggerId=) {"metadata":{"emulator":{"name":"functions"},"message":"[worker-pool] submitWork(triggerId=)"}}
[debug] [2021-12-11T09:23:02.426Z] [worker-~diagnostic~-cc0a99ec-dfa9-48ec-b211-c4a7350b23c6]: Assigning socketPath: \\?\pipe\D:\Programming\VS code Projects\Projects\amazon-clone\my-app\functions\4372 {"metadata":{"emulator":{"name":"functions"},"message":"[worker-~diagnostic~-cc0a99ec-dfa9-48ec-b211-c4a7350b23c6]: Assigning socketPath: \\\\?\\pipe\\D:\\Programming\\VS code Projects\\Projects\\amazon-clone\\my-app\\functions\\4372"}}
[debug] [2021-12-11T09:23:02.426Z] [worker-~diagnostic~-cc0a99ec-dfa9-48ec-b211-c4a7350b23c6]: BUSY {"metadata":{"emulator":{"name":"functions"},"message":"[worker-~diagnostic~-cc0a99ec-dfa9-48ec-b211-c4a7350b23c6]: BUSY"}}
[debug] [2021-12-11T09:23:02.427Z] [worker-~diagnostic~-d78c8262-bd1b-478a-8093-a26bfbb1e7ad]: exited {"metadata":{"emulator":{"name":"functions"},"message":"[worker-~diagnostic~-d78c8262-bd1b-478a-8093-a26bfbb1e7ad]: exited"}}
[debug] [2021-12-11T09:23:02.427Z] [worker-~diagnostic~-d78c8262-bd1b-478a-8093-a26bfbb1e7ad]: FINISHED {"metadata":{"emulator":{"name":"functions"},"message":"[worker-~diagnostic~-d78c8262-bd1b-478a-8093-a26bfbb1e7ad]: FINISHED"}}
[debug] [2021-12-11T09:23:02.592Z] File D:\Programming\VS code Projects\Projects\amazon-clone\my-app\functions\index.js changed, reloading triggers {"metadata":{"emulator":{"name":"functions"},"message":"File D:\\Programming\\VS code Projects\\Projects\\amazon-clone\\my-app\\functions\\index.js changed, reloading triggers"}}
[debug] [2021-12-11T09:23:02.682Z] [runtime-status] [4372] Functions runtime initialized. {"cwd":"D:\\Programming\\VS code Projects\\Projects\\amazon-clone\\my-app\\functions","node_version":"14.18.1"} {"metadata":{"emulator":{"name":"functions"},"message":"[runtime-status] [4372] Functions runtime initialized. {\"cwd\":\"D:\\\\Programming\\\\VS code Projects\\\\Projects\\\\amazon-clone\\\\my-app\\\\functions\",\"node_version\":\"14.18.1\"}"}}
[debug] [2021-12-11T09:23:02.685Z] [runtime-status] [4372] Disabled runtime features: undefined {"metadata":{"emulator":{"name":"functions"},"message":"[runtime-status] [4372] Disabled runtime features: undefined"}}
[debug] [2021-12-11T09:23:02.690Z] [runtime-status] [4372] Resolved module firebase-admin {"declared":true,"installed":true,"version":"9.12.0","resolution":"D:\\Programming\\VS code Projects\\Projects\\amazon-clone\\my-app\\functions\\node_modules\\firebase-admin\\lib\\index.js"} {"metadata":{"emulator":{"name":"functions"},"message":"[runtime-status] [4372] Resolved module firebase-admin {\"declared\":true,\"installed\":true,\"version\":\"9.12.0\",\"resolution\":\"D:\\\\Programming\\\\VS code Projects\\\\Projects\\\\amazon-clone\\\\my-app\\\\functions\\\\node_modules\\\\firebase-admin\\\\lib\\\\index.js\"}"}}
[debug] [2021-12-11T09:23:02.694Z] [runtime-status] [4372] Resolved module firebase-functions {"declared":true,"installed":true,"version":"3.16.0","resolution":"D:\\Programming\\VS code Projects\\Projects\\amazon-clone\\my-app\\functions\\node_modules\\firebase-functions\\lib\\index.js"} {"metadata":{"emulator":{"name":"functions"},"message":"[runtime-status] [4372] Resolved module firebase-functions {\"declared\":true,\"installed\":true,\"version\":\"3.16.0\",\"resolution\":\"D:\\\\Programming\\\\VS code Projects\\\\Projects\\\\amazon-clone\\\\my-app\\\\functions\\\\node_modules\\\\firebase-functions\\\\lib\\\\index.js\"}"}}
[debug] [2021-12-11T09:23:02.696Z] [runtime-status] [4372] Outgoing network have been stubbed. [{"name":"http","status":"mocked"},{"name":"http","status":"mocked"},{"name":"https","status":"mocked"},{"name":"https","status":"mocked"},{"name":"net","status":"mocked"}] {"metadata":{"emulator":{"name":"functions"},"message":"[runtime-status] [4372] Outgoing network have been stubbed. [{\"name\":\"http\",\"status\":\"mocked\"},{\"name\":\"http\",\"status\":\"mocked\"},{\"name\":\"https\",\"status\":\"mocked\"},{\"name\":\"https\",\"status\":\"mocked\"},{\"name\":\"net\",\"status\":\"mocked\"}]"}}
[debug] [2021-12-11T09:23:02.697Z] [runtime-status] [4372] Resolved module firebase-functions {"declared":true,"installed":true,"version":"3.16.0","resolution":"D:\\Programming\\VS code Projects\\Projects\\amazon-clone\\my-app\\functions\\node_modules\\firebase-functions\\lib\\index.js"} {"metadata":{"emulator":{"name":"functions"},"message":"[runtime-status] [4372] Resolved module firebase-functions {\"declared\":true,\"installed\":true,\"version\":\"3.16.0\",\"resolution\":\"D:\\\\Programming\\\\VS code Projects\\\\Projects\\\\amazon-clone\\\\my-app\\\\functions\\\\node_modules\\\\firebase-functions\\\\lib\\\\index.js\"}"}}
[debug] [2021-12-11T09:23:02.758Z] [runtime-status] [4372] Checked functions.config() {"config":{}} {"metadata":{"emulator":{"name":"functions"},"message":"[runtime-status] [4372] Checked functions.config() {\"config\":{}}"}}
[debug] [2021-12-11T09:23:02.758Z] [runtime-status] [4372] firebase-functions has been stubbed. {"functionsResolution":{"declared":true,"installed":true,"version":"3.16.0","resolution":"D:\\Programming\\VS code Projects\\Projects\\amazon-clone\\my-app\\functions\\node_modules\\firebase-functions\\lib\\index.js"}} {"metadata":{"emulator":{"name":"functions"},"message":"[runtime-status] [4372] firebase-functions has been stubbed. {\"functionsResolution\":{\"declared\":true,\"installed\":true,\"version\":\"3.16.0\",\"resolution\":\"D:\\\\Programming\\\\VS code Projects\\\\Projects\\\\amazon-clone\\\\my-app\\\\functions\\\\node_modules\\\\firebase-functions\\\\lib\\\\index.js\"}}"}}
[debug] [2021-12-11T09:23:02.760Z] [runtime-status] [4372] Resolved module firebase-functions {"declared":true,"installed":true,"version":"3.16.0","resolution":"D:\\Programming\\VS code Projects\\Projects\\amazon-clone\\my-app\\functions\\node_modules\\firebase-functions\\lib\\index.js"} {"metadata":{"emulator":{"name":"functions"},"message":"[runtime-status] [4372] Resolved module firebase-functions {\"declared\":true,\"installed\":true,\"version\":\"3.16.0\",\"resolution\":\"D:\\\\Programming\\\\VS code Projects\\\\Projects\\\\amazon-clone\\\\my-app\\\\functions\\\\node_modules\\\\firebase-functions\\\\lib\\\\index.js\"}"}}
[debug] [2021-12-11T09:23:02.762Z] [runtime-status] [4372] Resolved module firebase-admin {"declared":true,"installed":true,"version":"9.12.0","resolution":"D:\\Programming\\VS code Projects\\Projects\\amazon-clone\\my-app\\functions\\node_modules\\firebase-admin\\lib\\index.js"} {"metadata":{"emulator":{"name":"functions"},"message":"[runtime-status] [4372] Resolved module firebase-admin {\"declared\":true,\"installed\":true,\"version\":\"9.12.0\",\"resolution\":\"D:\\\\Programming\\\\VS code Projects\\\\Projects\\\\amazon-clone\\\\my-app\\\\functions\\\\node_modules\\\\firebase-admin\\\\lib\\\\index.js\"}"}}
[debug] [2021-12-11T09:23:02.763Z] [runtime-status] [4372] Resolved module firebase-functions {"declared":true,"installed":true,"version":"3.16.0","resolution":"D:\\Programming\\VS code Projects\\Projects\\amazon-clone\\my-app\\functions\\node_modules\\firebase-functions\\lib\\index.js"} {"metadata":{"emulator":{"name":"functions"},"message":"[runtime-status] [4372] Resolved module firebase-functions {\"declared\":true,\"installed\":true,\"version\":\"3.16.0\",\"resolution\":\"D:\\\\Programming\\\\VS code Projects\\\\Projects\\\\amazon-clone\\\\my-app\\\\functions\\\\node_modules\\\\firebase-functions\\\\lib\\\\index.js\"}"}}
[debug] [2021-12-11T09:23:02.763Z] [runtime-status] [4372] firebase-admin has been stubbed. {"adminResolution":{"declared":true,"installed":true,"version":"9.12.0","resolution":"D:\\Programming\\VS code Projects\\Projects\\amazon-clone\\my-app\\functions\\node_modules\\firebase-admin\\lib\\index.js"}} {"metadata":{"emulator":{"name":"functions"},"message":"[runtime-status] [4372] firebase-admin has been stubbed. {\"adminResolution\":{\"declared\":true,\"installed\":true,\"version\":\"9.12.0\",\"resolution\":\"D:\\\\Programming\\\\VS code Projects\\\\Projects\\\\amazon-clone\\\\my-app\\\\functions\\\\node_modules\\\\firebase-admin\\\\lib\\\\index.js\"}}"}}
[debug] [2021-12-11T09:23:02.954Z] [worker-~diagnostic~-cc0a99ec-dfa9-48ec-b211-c4a7350b23c6]: IDLE {"metadata":{"emulator":{"name":"functions"},"message":"[worker-~diagnostic~-cc0a99ec-dfa9-48ec-b211-c4a7350b23c6]: IDLE"}}
[debug] [2021-12-11T09:23:03.601Z] [worker-pool] Shutting down IDLE worker (~diagnostic~) {"metadata":{"emulator":{"name":"functions"},"message":"[worker-pool] Shutting down IDLE worker (~diagnostic~)"}}
[debug] [2021-12-11T09:23:03.601Z] [worker-~diagnostic~-cc0a99ec-dfa9-48ec-b211-c4a7350b23c6]: FINISHING {"metadata":{"emulator":{"name":"functions"},"message":"[worker-~diagnostic~-cc0a99ec-dfa9-48ec-b211-c4a7350b23c6]: FINISHING"}}
[debug] [2021-12-11T09:23:03.601Z] [worker-pool] Cleaned up workers for ~diagnostic~: 2 --> 1 {"metadata":{"emulator":{"name":"functions"},"message":"[worker-pool] Cleaned up workers for ~diagnostic~: 2 --> 1"}}
[debug] [2021-12-11T09:23:03.609Z] [worker-pool] addWorker(~diagnostic~) {"metadata":{"emulator":{"name":"functions"},"message":"[worker-pool] addWorker(~diagnostic~)"}}
[debug] [2021-12-11T09:23:03.610Z] [worker-pool] Adding worker with key ~diagnostic~, total=2 {"metadata":{"emulator":{"name":"functions"},"message":"[worker-pool] Adding worker with key ~diagnostic~, total=2"}}
[debug] [2021-12-11T09:23:03.611Z] [worker-pool] submitWork(triggerId=) {"metadata":{"emulator":{"name":"functions"},"message":"[worker-pool] submitWork(triggerId=)"}}
[debug] [2021-12-11T09:23:03.611Z] [worker-~diagnostic~-90d1adcc-54b6-49a7-b5aa-7d7fb98eb5de]: Assigning socketPath: \\?\pipe\D:\Programming\VS code Projects\Projects\amazon-clone\my-app\functions\3884 {"metadata":{"emulator":{"name":"functions"},"message":"[worker-~diagnostic~-90d1adcc-54b6-49a7-b5aa-7d7fb98eb5de]: Assigning socketPath: \\\\?\\pipe\\D:\\Programming\\VS code Projects\\Projects\\amazon-clone\\my-app\\functions\\3884"}}
[debug] [2021-12-11T09:23:03.611Z] [worker-~diagnostic~-90d1adcc-54b6-49a7-b5aa-7d7fb98eb5de]: BUSY {"metadata":{"emulator":{"name":"functions"},"message":"[worker-~diagnostic~-90d1adcc-54b6-49a7-b5aa-7d7fb98eb5de]: BUSY"}}
[debug] [2021-12-11T09:23:03.613Z] [worker-~diagnostic~-cc0a99ec-dfa9-48ec-b211-c4a7350b23c6]: exited {"metadata":{"emulator":{"name":"functions"},"message":"[worker-~diagnostic~-cc0a99ec-dfa9-48ec-b211-c4a7350b23c6]: exited"}}
[debug] [2021-12-11T09:23:03.613Z] [worker-~diagnostic~-cc0a99ec-dfa9-48ec-b211-c4a7350b23c6]: FINISHED {"metadata":{"emulator":{"name":"functions"},"message":"[worker-~diagnostic~-cc0a99ec-dfa9-48ec-b211-c4a7350b23c6]: FINISHED"}}
[debug] [2021-12-11T09:23:03.948Z] [runtime-status] [3884] Functions runtime initialized. {"cwd":"D:\\Programming\\VS code Projects\\Projects\\amazon-clone\\my-app\\functions","node_version":"14.18.1"} {"metadata":{"emulator":{"name":"functions"},"message":"[runtime-status] [3884] Functions runtime initialized. {\"cwd\":\"D:\\\\Programming\\\\VS code Projects\\\\Projects\\\\amazon-clone\\\\my-app\\\\functions\",\"node_version\":\"14.18.1\"}"}}
[debug] [2021-12-11T09:23:03.952Z] [runtime-status] [3884] Disabled runtime features: undefined {"metadata":{"emulator":{"name":"functions"},"message":"[runtime-status] [3884] Disabled runtime features: undefined"}}
[debug] [2021-12-11T09:23:03.958Z] [runtime-status] [3884] Resolved module firebase-admin {"declared":true,"installed":true,"version":"9.12.0","resolution":"D:\\Programming\\VS code Projects\\Projects\\amazon-clone\\my-app\\functions\\node_modules\\firebase-admin\\lib\\index.js"} {"metadata":{"emulator":{"name":"functions"},"message":"[runtime-status] [3884] Resolved module firebase-admin {\"declared\":true,\"installed\":true,\"version\":\"9.12.0\",\"resolution\":\"D:\\\\Programming\\\\VS code Projects\\\\Projects\\\\amazon-clone\\\\my-app\\\\functions\\\\node_modules\\\\firebase-admin\\\\lib\\\\index.js\"}"}}
[debug] [2021-12-11T09:23:03.964Z] [runtime-status] [3884] Resolved module firebase-functions {"declared":true,"installed":true,"version":"3.16.0","resolution":"D:\\Programming\\VS code Projects\\Projects\\amazon-clone\\my-app\\functions\\node_modules\\firebase-functions\\lib\\index.js"} {"metadata":{"emulator":{"name":"functions"},"message":"[runtime-status] [3884] Resolved module firebase-functions {\"declared\":true,\"installed\":true,\"version\":\"3.16.0\",\"resolution\":\"D:\\\\Programming\\\\VS code Projects\\\\Projects\\\\amazon-clone\\\\my-app\\\\functions\\\\node_modules\\\\firebase-functions\\\\lib\\\\index.js\"}"}}
[debug] [2021-12-11T09:23:03.967Z] [runtime-status] [3884] Outgoing network have been stubbed. [{"name":"http","status":"mocked"},{"name":"http","status":"mocked"},{"name":"https","status":"mocked"},{"name":"https","status":"mocked"},{"name":"net","status":"mocked"}] {"metadata":{"emulator":{"name":"functions"},"message":"[runtime-status] [3884] Outgoing network have been stubbed. [{\"name\":\"http\",\"status\":\"mocked\"},{\"name\":\"http\",\"status\":\"mocked\"},{\"name\":\"https\",\"status\":\"mocked\"},{\"name\":\"https\",\"status\":\"mocked\"},{\"name\":\"net\",\"status\":\"mocked\"}]"}}
[debug] [2021-12-11T09:23:03.968Z] [runtime-status] [3884] Resolved module firebase-functions {"declared":true,"installed":true,"version":"3.16.0","resolution":"D:\\Programming\\VS code Projects\\Projects\\amazon-clone\\my-app\\functions\\node_modules\\firebase-functions\\lib\\index.js"} {"metadata":{"emulator":{"name":"functions"},"message":"[runtime-status] [3884] Resolved module firebase-functions {\"declared\":true,\"installed\":true,\"version\":\"3.16.0\",\"resolution\":\"D:\\\\Programming\\\\VS code Projects\\\\Projects\\\\amazon-clone\\\\my-app\\\\functions\\\\node_modules\\\\firebase-functions\\\\lib\\\\index.js\"}"}}
[debug] [2021-12-11T09:23:04.051Z] [runtime-status] [3884] Checked functions.config() {"config":{}} {"metadata":{"emulator":{"name":"functions"},"message":"[runtime-status] [3884] Checked functions.config() {\"config\":{}}"}}
[debug] [2021-12-11T09:23:04.051Z] [runtime-status] [3884] firebase-functions has been stubbed. {"functionsResolution":{"declared":true,"installed":true,"version":"3.16.0","resolution":"D:\\Programming\\VS code Projects\\Projects\\amazon-clone\\my-app\\functions\\node_modules\\firebase-functions\\lib\\index.js"}} {"metadata":{"emulator":{"name":"functions"},"message":"[runtime-status] [3884] firebase-functions has been stubbed. {\"functionsResolution\":{\"declared\":true,\"installed\":true,\"version\":\"3.16.0\",\"resolution\":\"D:\\\\Programming\\\\VS code Projects\\\\Projects\\\\amazon-clone\\\\my-app\\\\functions\\\\node_modules\\\\firebase-functions\\\\lib\\\\index.js\"}}"}}
[debug] [2021-12-11T09:23:04.052Z] [runtime-status] [3884] Resolved module firebase-functions {"declared":true,"installed":true,"version":"3.16.0","resolution":"D:\\Programming\\VS code Projects\\Projects\\amazon-clone\\my-app\\functions\\node_modules\\firebase-functions\\lib\\index.js"} {"metadata":{"emulator":{"name":"functions"},"message":"[runtime-status] [3884] Resolved module firebase-functions {\"declared\":true,\"installed\":true,\"version\":\"3.16.0\",\"resolution\":\"D:\\\\Programming\\\\VS code Projects\\\\Projects\\\\amazon-clone\\\\my-app\\\\functions\\\\node_modules\\\\firebase-functions\\\\lib\\\\index.js\"}"}}
[debug] [2021-12-11T09:23:04.054Z] [runtime-status] [3884] Resolved module firebase-admin {"declared":true,"installed":true,"version":"9.12.0","resolution":"D:\\Programming\\VS code Projects\\Projects\\amazon-clone\\my-app\\functions\\node_modules\\firebase-admin\\lib\\index.js"} {"metadata":{"emulator":{"name":"functions"},"message":"[runtime-status] [3884] Resolved module firebase-admin {\"declared\":true,\"installed\":true,\"version\":\"9.12.0\",\"resolution\":\"D:\\\\Programming\\\\VS code Projects\\\\Projects\\\\amazon-clone\\\\my-app\\\\functions\\\\node_modules\\\\firebase-admin\\\\lib\\\\index.js\"}"}}
[debug] [2021-12-11T09:23:04.055Z] [runtime-status] [3884] Resolved module firebase-functions {"declared":true,"installed":true,"version":"3.16.0","resolution":"D:\\Programming\\VS code Projects\\Projects\\amazon-clone\\my-app\\functions\\node_modules\\firebase-functions\\lib\\index.js"} {"metadata":{"emulator":{"name":"functions"},"message":"[runtime-status] [3884] Resolved module firebase-functions {\"declared\":true,\"installed\":true,\"version\":\"3.16.0\",\"resolution\":\"D:\\\\Programming\\\\VS code Projects\\\\Projects\\\\amazon-clone\\\\my-app\\\\functions\\\\node_modules\\\\firebase-functions\\\\lib\\\\index.js\"}"}}
[debug] [2021-12-11T09:23:04.056Z] [runtime-status] [3884] firebase-admin has been stubbed. {"adminResolution":{"declared":true,"installed":true,"version":"9.12.0","resolution":"D:\\Programming\\VS code Projects\\Projects\\amazon-clone\\my-app\\functions\\node_modules\\firebase-admin\\lib\\index.js"}} {"metadata":{"emulator":{"name":"functions"},"message":"[runtime-status] [3884] firebase-admin has been stubbed. {\"adminResolution\":{\"declared\":true,\"installed\":true,\"version\":\"9.12.0\",\"resolution\":\"D:\\\\Programming\\\\VS code Projects\\\\Projects\\\\amazon-clone\\\\my-app\\\\functions\\\\node_modules\\\\firebase-admin\\\\lib\\\\index.js\"}}"}}
[debug] [2021-12-11T09:23:04.276Z] [worker-~diagnostic~-90d1adcc-54b6-49a7-b5aa-7d7fb98eb5de]: IDLE {"metadata":{"emulator":{"name":"functions"},"message":"[worker-~diagnostic~-90d1adcc-54b6-49a7-b5aa-7d7fb98eb5de]: IDLE"}}
[debug] [2021-12-11T09:26:54.854Z] Received signal SIGHUP 1
